[debug] [2018-05-03T11:42:01.806Z] ----------------------------------------------------------------------
[debug] [2018-05-03T11:42:01.808Z] Command:       /Users/t16076yi/nvm/versions/node/v8.9.3/bin/node /Users/t16076yi/nvm/versions/node/v8.9.3/bin/firebase serve --only functions
[debug] [2018-05-03T11:42:01.808Z] CLI Version:   3.18.4
[debug] [2018-05-03T11:42:01.808Z] Platform:      darwin
[debug] [2018-05-03T11:42:01.808Z] Node Version:  v8.9.3
[debug] [2018-05-03T11:42:01.808Z] Time:          Thu May 03 2018 20:42:01 GMT+0900 (JST)
[debug] [2018-05-03T11:42:01.809Z] ----------------------------------------------------------------------
[debug] 
[debug] [2018-05-03T11:42:01.823Z] > command requires scopes: ["email","openid","https://www.googleapis.com/auth/cloudplatformprojects.readonly","https://www.googleapis.com/auth/firebase","https://www.googleapis.com/auth/cloud-platform"]
[debug] [2018-05-03T11:42:01.823Z] > authorizing via signed-in user
[debug] [2018-05-03T11:42:01.824Z] > refreshing access token with scopes: ["email","https://www.googleapis.com/auth/cloud-platform","https://www.googleapis.com/auth/cloudplatformprojects.readonly","https://www.googleapis.com/auth/firebase","openid"]
[debug] [2018-05-03T11:42:01.825Z] >>> HTTP REQUEST POST https://www.googleapis.com/oauth2/v3/token  
 { refresh_token: '1/BpiEQqu8nVbyEnpXBbYuLN0-eBM_vXaJHF4KHha7JcQ',
  client_id: '563584335869-fgrhgmd47bqnekij5i8b5pr03ho849e6.apps.googleusercontent.com',
  client_secret: 'j9iVZfS8kkCEFUPaAeJV0sAi',
  grant_type: 'refresh_token',
  scope: 'email https://www.googleapis.com/auth/cloud-platform https://www.googleapis.com/auth/cloudplatformprojects.readonly https://www.googleapis.com/auth/firebase openid' } 
 Thu May 03 2018 20:42:01 GMT+0900 (JST)
[debug] [2018-05-03T11:42:02.483Z] <<< HTTP RESPONSE 200
[debug] [2018-05-03T11:42:02.498Z] >>> HTTP REQUEST GET https://admin.firebase.com/v1/projects/sfs-login-bonus  
  
 Thu May 03 2018 20:42:02 GMT+0900 (JST)
[debug] [2018-05-03T11:42:03.345Z] <<< HTTP RESPONSE 200
[debug] [2018-05-03T11:42:03.346Z] >>> HTTP REQUEST GET https://admin.firebase.com/v1/database/sfs-login-bonus/tokens  
  
 Thu May 03 2018 20:42:03 GMT+0900 (JST)
[debug] [2018-05-03T11:42:04.009Z] <<< HTTP RESPONSE 200
[debug] [2018-05-03T11:42:04.010Z] >>> HTTP REQUEST GET https://cloudresourcemanager.googleapis.com/v1/projects/sfs-login-bonus  
  
 Thu May 03 2018 20:42:04 GMT+0900 (JST)
[debug] [2018-05-03T11:42:04.912Z] <<< HTTP RESPONSE 200
[info] 
[info] === Serving from '/Users/t16076yi/etc/login_bodus_sfs/api'...
[info] 
[info] i  functions: Preparing to emulate functions.
[debug] [2018-05-03T11:42:05.701Z] Fetching environment
[debug] [2018-05-03T11:42:05.703Z] >>> HTTP REQUEST GET https://mobilesdk-pa.googleapis.com/v1/projects/506080277314:getServerAppConfig  
  
 Thu May 03 2018 20:42:05 GMT+0900 (JST)
[debug] [2018-05-03T11:42:06.433Z] <<< HTTP RESPONSE 200
[debug] [2018-05-03T11:42:06.434Z] Starting @google-cloud/functions-emulator
[debug] [2018-05-03T11:42:07.994Z] Parsing function triggers
[info] ✔  functions: rankingapi: http://localhost:5000/sfs-login-bonus/us-central1/rankingapi
[info] ✔  functions: userapi: http://localhost:5000/sfs-login-bonus/us-central1/userapi
